<?xml version="1.0" encoding="UTF-8"?>
<testng-results ignored="0" total="1" passed="1" failed="0" skipped="0">
  <reporter-output>
  </reporter-output>
  <suite started-at="2025-06-01T14:53:15 IST" name="LoginSuite" finished-at="2025-06-01T14:53:21 IST" duration-ms="5780">
    <groups>
    </groups>
    <test started-at="2025-06-01T14:53:15 IST" name="TestLogin" finished-at="2025-06-01T14:53:21 IST" duration-ms="5780">
      <class name="test.LoginTest">
        <test-method is-config="true" signature="setUp()[pri:0, instance:test.LoginTest@5aa9e4eb]" started-at="2025-06-01T14:53:15 IST" name="setUp" finished-at="2025-06-01T14:53:20 IST" duration-ms="4344" status="PASS">
          <reporter-output>
          </reporter-output>
        </test-method> <!-- setUp -->
        <test-method signature="testValidLogin()[pri:0, instance:test.LoginTest@5aa9e4eb]" started-at="2025-06-01T14:53:20 IST" name="testValidLogin" finished-at="2025-06-01T14:53:21 IST" duration-ms="1046" status="PASS">
          <reporter-output>
          </reporter-output>
        </test-method> <!-- testValidLogin -->
        <test-method is-config="true" signature="tearDown()[pri:0, instance:test.LoginTest@5aa9e4eb]" started-at="2025-06-01T14:53:21 IST" name="tearDown" finished-at="2025-06-01T14:53:21 IST" duration-ms="335" status="PASS">
          <reporter-output>
          </reporter-output>
        </test-method> <!-- tearDown -->
      </class> <!-- test.LoginTest -->
    </test> <!-- TestLogin -->
  </suite> <!-- LoginSuite -->
</testng-results>
